{
  "stats": {
    "suites": 1,
    "tests": 1,
    "passes": 1,
    "pending": 0,
    "failures": 0,
    "start": "2021-02-26T17:29:16.376Z",
    "end": "2021-02-26T17:29:23.524Z",
    "duration": 7148,
    "testsRegistered": 1,
    "passPercent": 100,
    "pendingPercent": 0,
    "other": 0,
    "hasOther": false,
    "skipped": 0,
    "hasSkipped": false
  },
  "results": [
    {
      "uuid": "c2fac3a6-514c-448a-bbe9-3003b9df2d6d",
      "title": "",
      "fullFile": "cypress/integration/mytests/test_rakbank.spec.js",
      "file": "cypress/integration/mytests/test_rakbank.spec.js",
      "beforeHooks": [],
      "afterHooks": [],
      "tests": [],
      "suites": [
        {
          "uuid": "dee9af6a-87b5-43a3-86e7-cc3629864331",
          "title": "Rakbank",
          "fullFile": "",
          "file": "",
          "beforeHooks": [],
          "afterHooks": [],
          "tests": [
            {
              "title": "ContactTest",
              "fullTitle": "Rakbank ContactTest",
              "timedOut": null,
              "duration": 5292,
              "state": "passed",
              "speed": "slow",
              "pass": true,
              "fail": false,
              "pending": false,
              "context": null,
              "code": "cy.visit('https://rakbank.stage.verloop.io/livechat?mode=popout&recipe_id=RKpCe4tZjQ4iL2H6y');\ncy.contains('your digital assistant', {\n  timeout: 10000\n}).should('be.visible');\ncy.get('.input-message').type('Contact Protego');\ncy.get('.send-button').should('be.visible').click();\ncy.contains('Thank you for your interest.', {\n  timeout: 10000\n}).should('be.visible');",
              "err": {},
              "uuid": "61c6ddf7-c407-44fa-9ea3-e1694250aec8",
              "parentUUID": "dee9af6a-87b5-43a3-86e7-cc3629864331",
              "isHook": false,
              "skipped": false
            }
          ],
          "suites": [],
          "passes": [
            "61c6ddf7-c407-44fa-9ea3-e1694250aec8"
          ],
          "failures": [],
          "pending": [],
          "skipped": [],
          "duration": 5292,
          "root": false,
          "rootEmpty": false,
          "_timeout": 2000
        }
      ],
      "passes": [],
      "failures": [],
      "pending": [],
      "skipped": [],
      "duration": 0,
      "root": true,
      "rootEmpty": true,
      "_timeout": 2000
    }
  ],
  "meta": {
    "mocha": {
      "version": "7.0.1"
    },
    "mochawesome": {
      "options": {
        "quiet": false,
        "reportFilename": "mochawesome",
        "saveHtml": false,
        "saveJson": true,
        "consoleReporter": "spec",
        "useInlineDiffs": false,
        "code": true
      },
      "version": "6.2.2"
    },
    "marge": {
      "options": {
        "id": "default",
        "reportDir": "cypress/reports/mocha",
        "quite": true,
        "overwrite": false,
        "html": false,
        "json": true
      },
      "version": "5.2.0"
    }
  }
}