{
  "stats": {
    "suites": 1,
    "tests": 1,
    "passes": 1,
    "pending": 0,
    "failures": 0,
    "start": "2021-02-26T17:27:45.945Z",
    "end": "2021-02-26T17:28:10.280Z",
    "duration": 24335,
    "testsRegistered": 1,
    "passPercent": 100,
    "pendingPercent": 0,
    "other": 0,
    "hasOther": false,
    "skipped": 0,
    "hasSkipped": false
  },
  "results": [
    {
      "uuid": "3bbed3d4-ddf4-41d6-9de7-de5cde6ee404",
      "title": "",
      "fullFile": "cypress/integration/mytests/test_aldar.spec.js",
      "file": "cypress/integration/mytests/test_aldar.spec.js",
      "beforeHooks": [],
      "afterHooks": [],
      "tests": [],
      "suites": [
        {
          "uuid": "dbf885d5-fe2b-41d2-8cc0-c045c103b3bd",
          "title": "Aldar",
          "fullFile": "",
          "file": "",
          "beforeHooks": [],
          "afterHooks": [],
          "tests": [
            {
              "title": "buyandconnecttoagent",
              "fullTitle": "Aldar buyandconnecttoagent",
              "timedOut": null,
              "duration": 21756,
              "state": "passed",
              "speed": "slow",
              "pass": true,
              "fail": false,
              "pending": false,
              "context": null,
              "code": "cy.visit('https://aldar.verloop.io/livechat?mode=popout&recipe_id=nSxK3YiSmRwmJMhmP');\ncy.contains('full name', {\n  timeout: 10000\n}).should('be.visible');\ncy.get('.input-message').type('Jaffar Ayubkhan');\ncy.get('.send-button').should('be.visible').click();\ncy.contains('assist', {\n  timeout: 10000\n}).should('be.visible');\ncy.get('.input-message').type('1');\ncy.get('.send-button').should('be.visible').click();\ncy.contains('preferred location', {\n  timeout: 10000\n}).should('be.visible');\ncy.get('.input-message').type('yas island');\ncy.get('.send-button').should('be.visible').click();\ncy.contains('unit types', {\n  timeout: 10000\n}).should('be.visible');\ncy.get('.input-message').type('penthouse');\ncy.get('.send-button').should('be.visible').click();\ncy.contains('bedroom', {\n  timeout: 10000\n}).should('be.visible');\ncy.get('.input-message').type('1');\ncy.get('.send-button').should('be.visible').click();\ncy.contains('projects', {\n  timeout: 10000\n}).should('be.visible');\ncy.get('.input-message').type('mamsha');\ncy.get('.send-button').should('be.visible').click();\ncy.contains('Selected:', {\n  timeout: 10000\n}).should('be.visible');\ncy.get('.input-message').type('yes');\ncy.get('.send-button').should('be.visible').click();\ncy.contains('mobile number', {\n  timeout: 10000\n}).should('be.visible');\ncy.get('.input-message').type('+97178765478');\ncy.get('.send-button').should('be.visible').click();\ncy.contains('email', {\n  timeout: 10000\n}).should('be.visible');\ncy.get('.input-message').type('jaffar@verloop.io');\ncy.get('.send-button').should('be.visible').click();\ncy.contains('country', {\n  timeout: 10000\n}).should('be.visible');\ncy.get('.input-message').type('India');\ncy.get('.send-button').should('be.visible').click();\ncy.contains('agents', {\n  timeout: 10000\n}).should('be.visible');\ncy.get('.input-message').type('verloop test');\ncy.get('.send-button').should('be.visible').click();",
              "err": {},
              "uuid": "f6b60ab3-8428-4590-ad61-d6151dce0243",
              "parentUUID": "dbf885d5-fe2b-41d2-8cc0-c045c103b3bd",
              "isHook": false,
              "skipped": false
            }
          ],
          "suites": [],
          "passes": [
            "f6b60ab3-8428-4590-ad61-d6151dce0243"
          ],
          "failures": [],
          "pending": [],
          "skipped": [],
          "duration": 21756,
          "root": false,
          "rootEmpty": false,
          "_timeout": 2000
        }
      ],
      "passes": [],
      "failures": [],
      "pending": [],
      "skipped": [],
      "duration": 0,
      "root": true,
      "rootEmpty": true,
      "_timeout": 2000
    }
  ],
  "meta": {
    "mocha": {
      "version": "7.0.1"
    },
    "mochawesome": {
      "options": {
        "quiet": false,
        "reportFilename": "mochawesome",
        "saveHtml": false,
        "saveJson": true,
        "consoleReporter": "spec",
        "useInlineDiffs": false,
        "code": true
      },
      "version": "6.2.2"
    },
    "marge": {
      "options": {
        "id": "default",
        "reportDir": "cypress/reports/mocha",
        "quite": true,
        "overwrite": false,
        "html": false,
        "json": true
      },
      "version": "5.2.0"
    }
  }
}