{
  "stats": {
    "suites": 1,
    "tests": 1,
    "passes": 1,
    "pending": 0,
    "failures": 0,
    "start": "2021-02-26T17:28:52.438Z",
    "end": "2021-02-26T17:29:10.964Z",
    "duration": 18526,
    "testsRegistered": 1,
    "passPercent": 100,
    "pendingPercent": 0,
    "other": 0,
    "hasOther": false,
    "skipped": 0,
    "hasSkipped": false
  },
  "results": [
    {
      "uuid": "92460ac5-0d95-4899-b4e3-d9cd7d31ad43",
      "title": "",
      "fullFile": "cypress/integration/mytests/test_moneycontrol.spec.js",
      "file": "cypress/integration/mytests/test_moneycontrol.spec.js",
      "beforeHooks": [],
      "afterHooks": [],
      "tests": [],
      "suites": [
        {
          "uuid": "c1a9a1da-bb93-4b33-8580-76f10d31d040",
          "title": "MoneyControl",
          "fullFile": "",
          "file": "",
          "beforeHooks": [],
          "afterHooks": [],
          "tests": [
            {
              "title": "MCLogin",
              "fullTitle": "MoneyControl MCLogin",
              "timedOut": null,
              "duration": 16481,
              "state": "passed",
              "speed": "slow",
              "pass": true,
              "fail": false,
              "pending": false,
              "context": null,
              "code": "cy.visit('https://moneycontrol.stage.verloop.io/livechat?mode=popout&recipe_id=pz44nQqMye8i9x4Nt');\ncy.contains('Welcome to MoneyControl', {\n  timeout: 10000\n}).should('be.visible');\ncy.get('.input-message').type('Moneycontrol Pro');\ncy.get('.send-button').should('be.visible').click();\ncy.contains('please select the relevant', {\n  timeout: 10000\n}).should('be.visible');\ncy.get('.input-message').type('Pro features & access');\ncy.get('.send-button').should('be.visible').click();\ncy.contains('select your query', {\n  timeout: 10000\n}).should('be.visible');\ncy.get('.input-message').type('What are the benefits of MC pro subscription');\ncy.get('.send-button').should('be.visible').click();\ncy.contains('You will enjoy the following benefits', {\n  timeout: 10000\n}).should('be.visible');\ncy.get('.input-message').type('Go back to main menu');\ncy.get('.send-button').should('be.visible').click();\ncy.get('.input-message').type('Others');\ncy.get('.send-button').should('be.visible').click();\ncy.get('.input-message').type('Moneybhai');\ncy.get('.send-button').should('be.visible').click();\ncy.get('.input-message').type('Portfolio');\ncy.get('.send-button').should('be.visible').click();\ncy.contains('please provide a detailed description of your query', {\n  timeout: 10000\n}).should('be.visible');\ncy.get('.input-message').type('test');\ncy.get('.send-button').should('be.visible').click();\ncy.contains('email', {\n  timeout: 10000\n}).should('be.visible');\ncy.get('.input-message').type('test@gmail.com');\ncy.get('.send-button').should('be.visible').click();",
              "err": {},
              "uuid": "88004120-d18b-4838-ba9e-fdd1c511515d",
              "parentUUID": "c1a9a1da-bb93-4b33-8580-76f10d31d040",
              "isHook": false,
              "skipped": false
            }
          ],
          "suites": [],
          "passes": [
            "88004120-d18b-4838-ba9e-fdd1c511515d"
          ],
          "failures": [],
          "pending": [],
          "skipped": [],
          "duration": 16481,
          "root": false,
          "rootEmpty": false,
          "_timeout": 2000
        }
      ],
      "passes": [],
      "failures": [],
      "pending": [],
      "skipped": [],
      "duration": 0,
      "root": true,
      "rootEmpty": true,
      "_timeout": 2000
    }
  ],
  "meta": {
    "mocha": {
      "version": "7.0.1"
    },
    "mochawesome": {
      "options": {
        "quiet": false,
        "reportFilename": "mochawesome",
        "saveHtml": false,
        "saveJson": true,
        "consoleReporter": "spec",
        "useInlineDiffs": false,
        "code": true
      },
      "version": "6.2.2"
    },
    "marge": {
      "options": {
        "id": "default",
        "reportDir": "cypress/reports/mocha",
        "quite": true,
        "overwrite": false,
        "html": false,
        "json": true
      },
      "version": "5.2.0"
    }
  }
}