{
  "stats": {
    "suites": 1,
    "tests": 1,
    "passes": 1,
    "pending": 0,
    "failures": 0,
    "start": "2021-02-26T17:28:15.969Z",
    "end": "2021-02-26T17:28:26.278Z",
    "duration": 10309,
    "testsRegistered": 1,
    "passPercent": 100,
    "pendingPercent": 0,
    "other": 0,
    "hasOther": false,
    "skipped": 0,
    "hasSkipped": false
  },
  "results": [
    {
      "uuid": "f19e7ae7-b982-4bf3-837e-b8783810e88a",
      "title": "",
      "fullFile": "cypress/integration/mytests/test_goqi.spec.js",
      "file": "cypress/integration/mytests/test_goqi.spec.js",
      "beforeHooks": [],
      "afterHooks": [],
      "tests": [],
      "suites": [
        {
          "uuid": "a864df71-e760-4c93-a42d-ac43510f13f7",
          "title": "Goqii",
          "fullFile": "",
          "file": "",
          "beforeHooks": [],
          "afterHooks": [],
          "tests": [
            {
              "title": "GoqiIssues",
              "fullTitle": "Goqii GoqiIssues",
              "timedOut": null,
              "duration": 8287,
              "state": "passed",
              "speed": "slow",
              "pass": true,
              "fail": false,
              "pending": false,
              "context": null,
              "code": "cy.visit('https://goqii.verloop.io/livechat?mode=popout&recipe_id=bBPicT8cPraR2TbpT');\ncy.contains('How can I help ', {\n  timeout: 20000\n}).should('be.visible');\ncy.contains('Help with GOQii Fitness Tracker').should('be.visible').click();\ncy.contains('What do you need help', {\n  timeout: 10000\n}).should('be.visible');\ncy.contains('I am facing issue with the Tracker').should('be.visible').click();\ncy.contains('which tracker ', {\n  timeout: 10000\n}).should('be.visible');\ncy.contains('GOQii Smart Vital').should('be.visible').click();\ncy.contains('frequently asked questions', {\n  timeout: 20000\n}).should('be.visible');\ncy.get('.templ-buttons > :nth-child(3)').click();\ncy.contains('choose an option', {\n  timeout: 20000\n}).should('be.visible');\ncy.contains('My tracker is not getting charged').click();\ncy.contains('We wish to inform you that your GOQii Smart vital tracker', {\n  timeout: 20000\n}).should('be.visible');\ncy.contains('Yes, my query is resolved').click();\ncy.contains('I loved talking to you', {\n  timeout: 20000\n}).should('be.visible');",
              "err": {},
              "uuid": "0059e3fc-86b7-4e21-84d5-228a4269bf50",
              "parentUUID": "a864df71-e760-4c93-a42d-ac43510f13f7",
              "isHook": false,
              "skipped": false
            }
          ],
          "suites": [],
          "passes": [
            "0059e3fc-86b7-4e21-84d5-228a4269bf50"
          ],
          "failures": [],
          "pending": [],
          "skipped": [],
          "duration": 8287,
          "root": false,
          "rootEmpty": false,
          "_timeout": 2000
        }
      ],
      "passes": [],
      "failures": [],
      "pending": [],
      "skipped": [],
      "duration": 0,
      "root": true,
      "rootEmpty": true,
      "_timeout": 2000
    }
  ],
  "meta": {
    "mocha": {
      "version": "7.0.1"
    },
    "mochawesome": {
      "options": {
        "quiet": false,
        "reportFilename": "mochawesome",
        "saveHtml": false,
        "saveJson": true,
        "consoleReporter": "spec",
        "useInlineDiffs": false,
        "code": true
      },
      "version": "6.2.2"
    },
    "marge": {
      "options": {
        "id": "default",
        "reportDir": "cypress/reports/mocha",
        "quite": true,
        "overwrite": false,
        "html": false,
        "json": true
      },
      "version": "5.2.0"
    }
  }
}