{
  "stats": {
    "suites": 1,
    "tests": 1,
    "passes": 1,
    "pending": 0,
    "failures": 0,
    "start": "2021-02-26T17:28:30.596Z",
    "end": "2021-02-26T17:28:47.580Z",
    "duration": 16984,
    "testsRegistered": 1,
    "passPercent": 100,
    "pendingPercent": 0,
    "other": 0,
    "hasOther": false,
    "skipped": 0,
    "hasSkipped": false
  },
  "results": [
    {
      "uuid": "c7e2a252-f9a2-4d54-a25b-c720bdc67bb3",
      "title": "",
      "fullFile": "cypress/integration/mytests/test_lido.spec.js",
      "file": "cypress/integration/mytests/test_lido.spec.js",
      "beforeHooks": [],
      "afterHooks": [],
      "tests": [],
      "suites": [
        {
          "uuid": "03e954e2-1d64-4ede-baf8-de687fc641a0",
          "title": "Lido",
          "fullFile": "",
          "file": "",
          "beforeHooks": [],
          "afterHooks": [],
          "tests": [
            {
              "title": "tutorflowtest",
              "fullTitle": "Lido tutorflowtest",
              "timedOut": null,
              "duration": 14923,
              "state": "passed",
              "speed": "slow",
              "pass": true,
              "fail": false,
              "pending": false,
              "context": null,
              "code": "cy.visit('https://lidotutorsupport.verloop.io/livechat?mode=popout&recipe_id=LvEBP257Cr4P5uNE7');\ncy.contains('registered email', {\n  timeout: 10000\n}).should('be.visible');\ncy.get('.input-message').type('devine0200@gmail.com');\ncy.get('.send-button').should('be.visible').click();\ncy.contains('Please confirm ', {\n  timeout: 10000\n}).should('be.visible');\ncy.get('.input-message').type('confirm');\ncy.get('.send-button').should('be.visible').click();\ncy.contains('What can I help', {\n  timeout: 10000\n}).should('be.visible');\ncy.get('.input-message').type('6');\ncy.get('.send-button').should('be.visible').click();\ncy.contains('What can I help', {\n  timeout: 10000\n}).should('be.visible');\ncy.get('.input-message').type('Classes from my regular batch are missing ');\ncy.get('.send-button').should('be.visible').click();\ncy.contains('For which dates', {\n  timeout: 10000\n}).should('be.visible');\ncy.get('.input-message').type('15/02/2021');\ncy.get('.send-button').should('be.visible').click();\ncy.contains('For which subjects', {\n  timeout: 10000\n}).should('be.visible');\ncy.get('.input-message').type('Math');\ncy.get('.send-button').should('be.visible').click();\ncy.contains('For which time slots', {\n  timeout: 10000\n}).should('be.visible');\ncy.get('.input-message').type('00:00');\ncy.get('.send-button').should('be.visible').click();\ncy.contains('Would you like to add more ', {\n  timeout: 10000\n}).should('be.visible');\ncy.get('.input-message').type('submit');\ncy.get('.send-button').should('be.visible').click();\ncy.contains('Thank you for talking', {\n  timeout: 10000\n}).should('be.visible');",
              "err": {},
              "uuid": "f8975935-a1e9-4323-8eff-41e85936c6a6",
              "parentUUID": "03e954e2-1d64-4ede-baf8-de687fc641a0",
              "isHook": false,
              "skipped": false
            }
          ],
          "suites": [],
          "passes": [
            "f8975935-a1e9-4323-8eff-41e85936c6a6"
          ],
          "failures": [],
          "pending": [],
          "skipped": [],
          "duration": 14923,
          "root": false,
          "rootEmpty": false,
          "_timeout": 2000
        }
      ],
      "passes": [],
      "failures": [],
      "pending": [],
      "skipped": [],
      "duration": 0,
      "root": true,
      "rootEmpty": true,
      "_timeout": 2000
    }
  ],
  "meta": {
    "mocha": {
      "version": "7.0.1"
    },
    "mochawesome": {
      "options": {
        "quiet": false,
        "reportFilename": "mochawesome",
        "saveHtml": false,
        "saveJson": true,
        "consoleReporter": "spec",
        "useInlineDiffs": false,
        "code": true
      },
      "version": "6.2.2"
    },
    "marge": {
      "options": {
        "id": "default",
        "reportDir": "cypress/reports/mocha",
        "quite": true,
        "overwrite": false,
        "html": false,
        "json": true
      },
      "version": "5.2.0"
    }
  }
}