{
  "stats": {
    "suites": 5,
    "tests": 5,
    "passes": 5,
    "pending": 0,
    "failures": 0,
    "start": "2021-02-26T17:27:45.945Z",
    "end": "2021-02-26T17:29:23.524Z",
    "duration": 66739,
    "testsRegistered": 5,
    "passPercent": 100,
    "pendingPercent": 0,
    "other": 0,
    "hasOther": false,
    "skipped": 0,
    "hasSkipped": false
  },
  "results": [
    {
      "uuid": "3bbed3d4-ddf4-41d6-9de7-de5cde6ee404",
      "title": "",
      "fullFile": "cypress/integration/mytests/test_aldar.spec.js",
      "file": "cypress/integration/mytests/test_aldar.spec.js",
      "beforeHooks": [],
      "afterHooks": [],
      "tests": [],
      "suites": [
        {
          "uuid": "dbf885d5-fe2b-41d2-8cc0-c045c103b3bd",
          "title": "Aldar",
          "fullFile": "",
          "file": "",
          "beforeHooks": [],
          "afterHooks": [],
          "tests": [
            {
              "title": "buyandconnecttoagent",
              "fullTitle": "Aldar buyandconnecttoagent",
              "timedOut": null,
              "duration": 21756,
              "state": "passed",
              "speed": "slow",
              "pass": true,
              "fail": false,
              "pending": false,
              "context": null,
              "code": "cy.visit('https://aldar.verloop.io/livechat?mode=popout&recipe_id=nSxK3YiSmRwmJMhmP');\ncy.contains('full name', {\n  timeout: 10000\n}).should('be.visible');\ncy.get('.input-message').type('Jaffar Ayubkhan');\ncy.get('.send-button').should('be.visible').click();\ncy.contains('assist', {\n  timeout: 10000\n}).should('be.visible');\ncy.get('.input-message').type('1');\ncy.get('.send-button').should('be.visible').click();\ncy.contains('preferred location', {\n  timeout: 10000\n}).should('be.visible');\ncy.get('.input-message').type('yas island');\ncy.get('.send-button').should('be.visible').click();\ncy.contains('unit types', {\n  timeout: 10000\n}).should('be.visible');\ncy.get('.input-message').type('penthouse');\ncy.get('.send-button').should('be.visible').click();\ncy.contains('bedroom', {\n  timeout: 10000\n}).should('be.visible');\ncy.get('.input-message').type('1');\ncy.get('.send-button').should('be.visible').click();\ncy.contains('projects', {\n  timeout: 10000\n}).should('be.visible');\ncy.get('.input-message').type('mamsha');\ncy.get('.send-button').should('be.visible').click();\ncy.contains('Selected:', {\n  timeout: 10000\n}).should('be.visible');\ncy.get('.input-message').type('yes');\ncy.get('.send-button').should('be.visible').click();\ncy.contains('mobile number', {\n  timeout: 10000\n}).should('be.visible');\ncy.get('.input-message').type('+97178765478');\ncy.get('.send-button').should('be.visible').click();\ncy.contains('email', {\n  timeout: 10000\n}).should('be.visible');\ncy.get('.input-message').type('jaffar@verloop.io');\ncy.get('.send-button').should('be.visible').click();\ncy.contains('country', {\n  timeout: 10000\n}).should('be.visible');\ncy.get('.input-message').type('India');\ncy.get('.send-button').should('be.visible').click();\ncy.contains('agents', {\n  timeout: 10000\n}).should('be.visible');\ncy.get('.input-message').type('verloop test');\ncy.get('.send-button').should('be.visible').click();",
              "err": {},
              "uuid": "f6b60ab3-8428-4590-ad61-d6151dce0243",
              "parentUUID": "dbf885d5-fe2b-41d2-8cc0-c045c103b3bd",
              "isHook": false,
              "skipped": false
            }
          ],
          "suites": [],
          "passes": [
            "f6b60ab3-8428-4590-ad61-d6151dce0243"
          ],
          "failures": [],
          "pending": [],
          "skipped": [],
          "duration": 21756,
          "root": false,
          "rootEmpty": false,
          "_timeout": 2000
        }
      ],
      "passes": [],
      "failures": [],
      "pending": [],
      "skipped": [],
      "duration": 0,
      "root": true,
      "rootEmpty": true,
      "_timeout": 2000
    },
    {
      "uuid": "f19e7ae7-b982-4bf3-837e-b8783810e88a",
      "title": "",
      "fullFile": "cypress/integration/mytests/test_goqi.spec.js",
      "file": "cypress/integration/mytests/test_goqi.spec.js",
      "beforeHooks": [],
      "afterHooks": [],
      "tests": [],
      "suites": [
        {
          "uuid": "a864df71-e760-4c93-a42d-ac43510f13f7",
          "title": "Goqii",
          "fullFile": "",
          "file": "",
          "beforeHooks": [],
          "afterHooks": [],
          "tests": [
            {
              "title": "GoqiIssues",
              "fullTitle": "Goqii GoqiIssues",
              "timedOut": null,
              "duration": 8287,
              "state": "passed",
              "speed": "slow",
              "pass": true,
              "fail": false,
              "pending": false,
              "context": null,
              "code": "cy.visit('https://goqii.verloop.io/livechat?mode=popout&recipe_id=bBPicT8cPraR2TbpT');\ncy.contains('How can I help ', {\n  timeout: 20000\n}).should('be.visible');\ncy.contains('Help with GOQii Fitness Tracker').should('be.visible').click();\ncy.contains('What do you need help', {\n  timeout: 10000\n}).should('be.visible');\ncy.contains('I am facing issue with the Tracker').should('be.visible').click();\ncy.contains('which tracker ', {\n  timeout: 10000\n}).should('be.visible');\ncy.contains('GOQii Smart Vital').should('be.visible').click();\ncy.contains('frequently asked questions', {\n  timeout: 20000\n}).should('be.visible');\ncy.get('.templ-buttons > :nth-child(3)').click();\ncy.contains('choose an option', {\n  timeout: 20000\n}).should('be.visible');\ncy.contains('My tracker is not getting charged').click();\ncy.contains('We wish to inform you that your GOQii Smart vital tracker', {\n  timeout: 20000\n}).should('be.visible');\ncy.contains('Yes, my query is resolved').click();\ncy.contains('I loved talking to you', {\n  timeout: 20000\n}).should('be.visible');",
              "err": {},
              "uuid": "0059e3fc-86b7-4e21-84d5-228a4269bf50",
              "parentUUID": "a864df71-e760-4c93-a42d-ac43510f13f7",
              "isHook": false,
              "skipped": false
            }
          ],
          "suites": [],
          "passes": [
            "0059e3fc-86b7-4e21-84d5-228a4269bf50"
          ],
          "failures": [],
          "pending": [],
          "skipped": [],
          "duration": 8287,
          "root": false,
          "rootEmpty": false,
          "_timeout": 2000
        }
      ],
      "passes": [],
      "failures": [],
      "pending": [],
      "skipped": [],
      "duration": 0,
      "root": true,
      "rootEmpty": true,
      "_timeout": 2000
    },
    {
      "uuid": "c7e2a252-f9a2-4d54-a25b-c720bdc67bb3",
      "title": "",
      "fullFile": "cypress/integration/mytests/test_lido.spec.js",
      "file": "cypress/integration/mytests/test_lido.spec.js",
      "beforeHooks": [],
      "afterHooks": [],
      "tests": [],
      "suites": [
        {
          "uuid": "03e954e2-1d64-4ede-baf8-de687fc641a0",
          "title": "Lido",
          "fullFile": "",
          "file": "",
          "beforeHooks": [],
          "afterHooks": [],
          "tests": [
            {
              "title": "tutorflowtest",
              "fullTitle": "Lido tutorflowtest",
              "timedOut": null,
              "duration": 14923,
              "state": "passed",
              "speed": "slow",
              "pass": true,
              "fail": false,
              "pending": false,
              "context": null,
              "code": "cy.visit('https://lidotutorsupport.verloop.io/livechat?mode=popout&recipe_id=LvEBP257Cr4P5uNE7');\ncy.contains('registered email', {\n  timeout: 10000\n}).should('be.visible');\ncy.get('.input-message').type('devine0200@gmail.com');\ncy.get('.send-button').should('be.visible').click();\ncy.contains('Please confirm ', {\n  timeout: 10000\n}).should('be.visible');\ncy.get('.input-message').type('confirm');\ncy.get('.send-button').should('be.visible').click();\ncy.contains('What can I help', {\n  timeout: 10000\n}).should('be.visible');\ncy.get('.input-message').type('6');\ncy.get('.send-button').should('be.visible').click();\ncy.contains('What can I help', {\n  timeout: 10000\n}).should('be.visible');\ncy.get('.input-message').type('Classes from my regular batch are missing ');\ncy.get('.send-button').should('be.visible').click();\ncy.contains('For which dates', {\n  timeout: 10000\n}).should('be.visible');\ncy.get('.input-message').type('15/02/2021');\ncy.get('.send-button').should('be.visible').click();\ncy.contains('For which subjects', {\n  timeout: 10000\n}).should('be.visible');\ncy.get('.input-message').type('Math');\ncy.get('.send-button').should('be.visible').click();\ncy.contains('For which time slots', {\n  timeout: 10000\n}).should('be.visible');\ncy.get('.input-message').type('00:00');\ncy.get('.send-button').should('be.visible').click();\ncy.contains('Would you like to add more ', {\n  timeout: 10000\n}).should('be.visible');\ncy.get('.input-message').type('submit');\ncy.get('.send-button').should('be.visible').click();\ncy.contains('Thank you for talking', {\n  timeout: 10000\n}).should('be.visible');",
              "err": {},
              "uuid": "f8975935-a1e9-4323-8eff-41e85936c6a6",
              "parentUUID": "03e954e2-1d64-4ede-baf8-de687fc641a0",
              "isHook": false,
              "skipped": false
            }
          ],
          "suites": [],
          "passes": [
            "f8975935-a1e9-4323-8eff-41e85936c6a6"
          ],
          "failures": [],
          "pending": [],
          "skipped": [],
          "duration": 14923,
          "root": false,
          "rootEmpty": false,
          "_timeout": 2000
        }
      ],
      "passes": [],
      "failures": [],
      "pending": [],
      "skipped": [],
      "duration": 0,
      "root": true,
      "rootEmpty": true,
      "_timeout": 2000
    },
    {
      "uuid": "92460ac5-0d95-4899-b4e3-d9cd7d31ad43",
      "title": "",
      "fullFile": "cypress/integration/mytests/test_moneycontrol.spec.js",
      "file": "cypress/integration/mytests/test_moneycontrol.spec.js",
      "beforeHooks": [],
      "afterHooks": [],
      "tests": [],
      "suites": [
        {
          "uuid": "c1a9a1da-bb93-4b33-8580-76f10d31d040",
          "title": "MoneyControl",
          "fullFile": "",
          "file": "",
          "beforeHooks": [],
          "afterHooks": [],
          "tests": [
            {
              "title": "MCLogin",
              "fullTitle": "MoneyControl MCLogin",
              "timedOut": null,
              "duration": 16481,
              "state": "passed",
              "speed": "slow",
              "pass": true,
              "fail": false,
              "pending": false,
              "context": null,
              "code": "cy.visit('https://moneycontrol.stage.verloop.io/livechat?mode=popout&recipe_id=pz44nQqMye8i9x4Nt');\ncy.contains('Welcome to MoneyControl', {\n  timeout: 10000\n}).should('be.visible');\ncy.get('.input-message').type('Moneycontrol Pro');\ncy.get('.send-button').should('be.visible').click();\ncy.contains('please select the relevant', {\n  timeout: 10000\n}).should('be.visible');\ncy.get('.input-message').type('Pro features & access');\ncy.get('.send-button').should('be.visible').click();\ncy.contains('select your query', {\n  timeout: 10000\n}).should('be.visible');\ncy.get('.input-message').type('What are the benefits of MC pro subscription');\ncy.get('.send-button').should('be.visible').click();\ncy.contains('You will enjoy the following benefits', {\n  timeout: 10000\n}).should('be.visible');\ncy.get('.input-message').type('Go back to main menu');\ncy.get('.send-button').should('be.visible').click();\ncy.get('.input-message').type('Others');\ncy.get('.send-button').should('be.visible').click();\ncy.get('.input-message').type('Moneybhai');\ncy.get('.send-button').should('be.visible').click();\ncy.get('.input-message').type('Portfolio');\ncy.get('.send-button').should('be.visible').click();\ncy.contains('please provide a detailed description of your query', {\n  timeout: 10000\n}).should('be.visible');\ncy.get('.input-message').type('test');\ncy.get('.send-button').should('be.visible').click();\ncy.contains('email', {\n  timeout: 10000\n}).should('be.visible');\ncy.get('.input-message').type('test@gmail.com');\ncy.get('.send-button').should('be.visible').click();",
              "err": {},
              "uuid": "88004120-d18b-4838-ba9e-fdd1c511515d",
              "parentUUID": "c1a9a1da-bb93-4b33-8580-76f10d31d040",
              "isHook": false,
              "skipped": false
            }
          ],
          "suites": [],
          "passes": [
            "88004120-d18b-4838-ba9e-fdd1c511515d"
          ],
          "failures": [],
          "pending": [],
          "skipped": [],
          "duration": 16481,
          "root": false,
          "rootEmpty": false,
          "_timeout": 2000
        }
      ],
      "passes": [],
      "failures": [],
      "pending": [],
      "skipped": [],
      "duration": 0,
      "root": true,
      "rootEmpty": true,
      "_timeout": 2000
    },
    {
      "uuid": "c2fac3a6-514c-448a-bbe9-3003b9df2d6d",
      "title": "",
      "fullFile": "cypress/integration/mytests/test_rakbank.spec.js",
      "file": "cypress/integration/mytests/test_rakbank.spec.js",
      "beforeHooks": [],
      "afterHooks": [],
      "tests": [],
      "suites": [
        {
          "uuid": "dee9af6a-87b5-43a3-86e7-cc3629864331",
          "title": "Rakbank",
          "fullFile": "",
          "file": "",
          "beforeHooks": [],
          "afterHooks": [],
          "tests": [
            {
              "title": "ContactTest",
              "fullTitle": "Rakbank ContactTest",
              "timedOut": null,
              "duration": 5292,
              "state": "passed",
              "speed": "slow",
              "pass": true,
              "fail": false,
              "pending": false,
              "context": null,
              "code": "cy.visit('https://rakbank.stage.verloop.io/livechat?mode=popout&recipe_id=RKpCe4tZjQ4iL2H6y');\ncy.contains('your digital assistant', {\n  timeout: 10000\n}).should('be.visible');\ncy.get('.input-message').type('Contact Protego');\ncy.get('.send-button').should('be.visible').click();\ncy.contains('Thank you for your interest.', {\n  timeout: 10000\n}).should('be.visible');",
              "err": {},
              "uuid": "61c6ddf7-c407-44fa-9ea3-e1694250aec8",
              "parentUUID": "dee9af6a-87b5-43a3-86e7-cc3629864331",
              "isHook": false,
              "skipped": false
            }
          ],
          "suites": [],
          "passes": [
            "61c6ddf7-c407-44fa-9ea3-e1694250aec8"
          ],
          "failures": [],
          "pending": [],
          "skipped": [],
          "duration": 5292,
          "root": false,
          "rootEmpty": false,
          "_timeout": 2000
        }
      ],
      "passes": [],
      "failures": [],
      "pending": [],
      "skipped": [],
      "duration": 0,
      "root": true,
      "rootEmpty": true,
      "_timeout": 2000
    }
  ],
  "meta": {
    "mocha": {
      "version": "7.0.1"
    },
    "mochawesome": {
      "options": {
        "quiet": false,
        "reportFilename": "mochawesome",
        "saveHtml": false,
        "saveJson": true,
        "consoleReporter": "spec",
        "useInlineDiffs": false,
        "code": true
      },
      "version": "6.2.2"
    },
    "marge": {
      "options": {
        "id": "default",
        "reportDir": "cypress/reports/mocha",
        "quite": true,
        "overwrite": false,
        "html": false,
        "json": true
      },
      "version": "5.2.0"
    }
  }
}